const r=(arrow)=>console.log("I am arrow function");
undefined
r();
undefined
arr=[1,2,3,4,5]'
VM80:1 Uncaught SyntaxError: Invalid or unexpected token
arr=[1,2,3,4,5];
(5) [1, 2, 3, 4, 5]
arr.push(6);
6
arr;
(6) [1, 2, 3, 4, 5, 6]
arr.pop(4);
6
arr;
(5) [1, 2, 3, 4, 5]
arr.indexof(2);
VM273:1 Uncaught TypeError: arr.indexof is not a function
    at <anonymous>:1:5
(anonymous) @ VM273:1
arr.indexOf(5);
4
const found=arr.find(element=>element>1);
console.log(found);
undefined
arr.findIndex(element=>element>3);
3
arr.findLastIndex(element=>element>5)
-1
arr.filter(element=>element>2);
(3) [3, 4, 5]
arr.filter(ele=>ele>5);
[]
arr.filter(ele=>true)'
VM1247:1 Uncaught SyntaxError: Invalid or unexpected token
arr.filter(ele=>true)
(5) [1, 2, 3, 4, 5]
t===arr;
VM1278:1 Uncaught ReferenceError: t is not defined
    at <anonymous>:1:1
(anonymous) @ VM1278:1
var t=arr;
undefined
t===arr;
true
t[2]=333;
333
t;
(5) [1, 2, 333, 4, 5]
arr;
(5) [1, 2, 333, 4, 5]
t===arr;
true
arr.splice(1,2,30);
(2) [2, 333]
arr;
(4) [1, 30, 4, 5]
arr.unshift(1,3333);
6
arr;
(6) [1, 3333, 1, 30, 4, 5]
arr.splice(2,1,23,33);
[1]
arr;
(7) [1, 3333, 23, 33, 30, 4, 5]
arr.unshift();
7
arr.shift(0);
1
arr;
(6) [3333, 23, 33, 30, 4, 5]
arr.shift[0,1];
undefined
arr.shift(0,1);
3333
arr;
(5) [23, 33, 30, 4, 5]
arr.shift(1);
23
arr;
(4) [33, 30, 4, 5]
arr.unshift(23);
5
arr;
(5) [23, 33, 30, 4, 5]
arr.splice(1);
(4) [33, 30, 4, 5]
arr.filter(ele=>ele>22);
[23]
arr;
[23]
var prices=[333,560,1223,43523,32434];
undefined
var priceswithgst=[];
undefined
var priceswithTax=arr.map(ele=>e=e*0.18);
VM3017:1 Uncaught ReferenceError: e is not defined
    at <anonymous>:1:33
    at Array.map (<anonymous>)
    at <anonymous>:1:23
(anonymous) @ VM3017:1
(anonymous) @ VM3017:1
var priceswithTax=arr.map(ele=>ele=>Element*0.18);
undefined
priceswithTax;
[ƒ]
var priceswithTax=prices.map(ele=>ele+ele*0.18);
undefined
prices;
(5) [333, 560, 1223, 43523, 32434]
priceswithTax;
(5) [392.94, 660.8, 1443.1399999999999, 51357.14, 38272.12]
arr.toLocaleString('hi');
'23'
prices.toLocaleString('hi');
'333,560,1,223,43,523,32,434'
prices.map(p=> 'Rs '+p.toLocaleSting('hi'));

VM3890:1 Uncaught TypeError: p.toLocaleSting is not a function
    at <anonymous>:1:24
    at Array.map (<anonymous>)
    at <anonymous>:1:8
(anonymous) @ VM3890:1
(anonymous) @ VM3890:1
priceswithTax(p => 'Rs '+p.toLocaleString('hi'));
VM4066:1 Uncaught TypeError: priceswithTax is not a function
    at <anonymous>:1:1
(anonymous) @ VM4066:1
priceswithTax.map(p => 'Rs '+p.toLocaleString('hi'));
(5) ['Rs 392.94', 'Rs 660.8', 'Rs 1,443.14', 'Rs 51,357.14', 'Rs 38,272.12']
var formatedPrices=priceswithTax.map(p => 'Rs '+p.toLocaleString('hi'));
undefined
formatedPrices;
(5) ['Rs 392.94', 'Rs 660.8', 'Rs 1,443.14', 'Rs 51,357.14', 'Rs 38,272.12']
var clonePrices= priceswithTax.map(p=>p);
undefined
clonePrices
(5) [392.94, 660.8, 1443.1399999999999, 51357.14, 38272.12]
priceswithTax===clonePrices;
false
const w=[...prices];
undefined
w;
(5) [333, 560, 1223, 43523, 32434]
w[0]=1000;
1000
w;
(5) [1000, 560, 1223, 43523, 32434]
var obj={id:1001, name:'Ram', phone:123456}
undefined
var obj1={id:1002, name:'Shyam', phone:45678}
undefined
var obj3=[obj, obj1];
undefined
obj3;
(2) [{…}, {…}]0: {id: 1001, name: 'Ram', phone: 123456}1: {id: 1002, name: 'Shyam', phone: 45678}length: 2[[Prototype]]: Array(0)
obj.id=1000;
1000
obj3.obj.id;
VM5052:1 Uncaught TypeError: Cannot read properties of undefined (reading 'id')
    at <anonymous>:1:10
(anonymous) @ VM5052:1
obj3.obj.id;
VM5104:1 Uncaught TypeError: Cannot read properties of undefined (reading 'id')
    at <anonymous>:1:10
(anonymous) @ VM5104:1
obj4={...obj, ...obj1,email:abc@gmail.com};
VM5265:1 Uncaught SyntaxError: Invalid or unexpected token
obj4={...obj, ...obj1,email:'abc@gmail.com'};
{id: 1002, name: 'Shyam', phone: 45678, email: 'abc@gmail.com'}email: "abc@gmail.com"id: 1002name: "Shyam"phone: 45678[[Prototype]]: Objectconstructor: ƒ Object()hasOwnProperty: ƒ hasOwnProperty()isPrototypeOf: ƒ isPrototypeOf()propertyIsEnumerable: ƒ propertyIsEnumerable()toLocaleString: ƒ toLocaleString()toString: ƒ toString()valueOf: ƒ valueOf()__defineGetter__: ƒ __defineGetter__()__defineSetter__: ƒ __defineSetter__()__lookupGetter__: ƒ __lookupGetter__()__lookupSetter__: ƒ __lookupSetter__()__proto__: (...)get __proto__: ƒ __proto__()set __proto__: ƒ __proto__()
obj6={...obj, phone:67889, id:1003};
{id: 1003, name: 'Ram', phone: 67889}id: 1003name: "Ram"phone: 67889[[Prototype]]: Object
obj6.obj.name;
VM5459:1 Uncaught TypeError: Cannot read properties of undefined (reading 'name')
    at <anonymous>:1:10
(anonymous) @ VM5459:1
obj6.name;
'Ram'
obj.name;
'Ram'
